<?xml version="1.0" encoding="UTF-8"?>
<!-- Generated by org.testng.reporters.JUnitReportReporter -->
<testsuite hostname="DESKTOP-TBSD3T7" failures="0" tests="3" name="rocksolicitors.AppiumTest" time="0.000" errors="0" timestamp="2020-09-13T18:06:24 BST" skipped="0">
  <testcase classname="rocksolicitors.AppiumTest" name="NativeAppAndroid" time="0.000"/>
  <system-out/>
  <testcase classname="rocksolicitors.AppiumTest" name="SymbianAPP" time="0.000"/>
  <system-out/>
  <testcase classname="rocksolicitors.AppiumTest" name="IOSApps" time="0.000"/>
  <system-out/>
</testsuite> <!-- rocksolicitors.AppiumTest -->
