<?xml version="1.0" encoding="UTF-8"?>
<!-- Generated by org.testng.reporters.JUnitReportReporter -->
<testsuite hostname="Kevins-MBP" failures="0" tests="3" name="rocksolicitors.TabletTest" time="0.003" errors="0" timestamp="2022-08-11T20:28:00 BST" skipped="0">
  <testcase classname="rocksolicitors.TabletTest" name="checkHomePage" time="0.002"/>
  <system-out/>
  <testcase classname="rocksolicitors.TabletTest" name="mobileWebLogin" time="0.000"/>
  <system-out/>
  <testcase classname="rocksolicitors.TabletTest" name="tearDown" time="0.001"/>
  <system-out/>
</testsuite> <!-- rocksolicitors.TabletTest -->
