<?xml version="1.0" encoding="UTF-8"?>
<!-- Generated by org.testng.reporters.JUnitReportReporter -->
<testsuite hostname="Kevins-MBP.lan" failures="0" tests="2" name="rocksolicitors.SeleniumTest" time="3.006" errors="0" timestamp="2024-04-27T20:02:19 BST" skipped="0">
  <testcase classname="rocksolicitors.SeleniumTest" name="elements" time="0.001"/>
  <system-out/>
  <testcase classname="rocksolicitors.SeleniumTest" name="BrowserAutomation" time="3.005"/>
  <system-out/>
</testsuite> <!-- rocksolicitors.SeleniumTest -->
