<?xml version="1.0" encoding="UTF-8"?>
<!-- Generated by org.testng.reporters.JUnitReportReporter -->
<testsuite hostname="Kevins-MBP.lan" failures="0" tests="3" name="rocksolicitors.TabletTest" time="0.002" errors="0" timestamp="2024-04-27T20:06:18 BST" skipped="0">
  <testcase classname="rocksolicitors.TabletTest" name="checkHomePage" time="0.001"/>
  <system-out/>
  <testcase classname="rocksolicitors.TabletTest" name="tearDown" time="0.000"/>
  <system-out/>
  <testcase classname="rocksolicitors.TabletTest" name="mobileWebLogin" time="0.001"/>
  <system-out/>
</testsuite> <!-- rocksolicitors.TabletTest -->
