<?xml version="1.0" encoding="UTF-8"?>
<!-- Generated by org.testng.reporters.JUnitReportReporter -->
<testsuite hostname="Kevins-MBP" failures="0" tests="2" name="rocksolicitors.SeleniumTest" time="55.437" errors="0" timestamp="2022-08-11T20:28:00 BST" skipped="0">
  <testcase classname="rocksolicitors.SeleniumTest" name="BrowserAutomation" time="55.437"/>
  <system-out/>
  <testcase classname="rocksolicitors.SeleniumTest" name="elements" time="0.000"/>
  <system-out/>
</testsuite> <!-- rocksolicitors.SeleniumTest -->
