<?xml version="1.0" encoding="UTF-8"?>
<!-- Generated by org.testng.reporters.JUnitReportReporter -->
<testsuite hostname="DESKTOP-TBSD3T7" failures="0" tests="3" name="rocksolicitors.TabletTest" time="0.000" errors="0" timestamp="2020-09-13T18:06:24 BST" skipped="0">
  <testcase classname="rocksolicitors.TabletTest" name="tearDown" time="0.000"/>
  <system-out/>
  <testcase classname="rocksolicitors.TabletTest" name="mobileWebLogin" time="0.000"/>
  <system-out/>
  <testcase classname="rocksolicitors.TabletTest" name="checkHomePage" time="0.000"/>
  <system-out/>
</testsuite> <!-- rocksolicitors.TabletTest -->
