<?xml version="1.0" encoding="UTF-8"?>
<!-- Generated by org.testng.reporters.JUnitReportReporter -->
<testsuite hostname="DESKTOP-TBSD3T7" failures="0" tests="2" name="rocksolicitors.SeleniumTest" time="88.058" errors="0" timestamp="2020-09-13T18:06:24 BST" skipped="0">
  <testcase classname="rocksolicitors.SeleniumTest" name="BrowserAutomation" time="88.057"/>
  <system-out/>
  <testcase classname="rocksolicitors.SeleniumTest" name="elements" time="0.001"/>
  <system-out/>
</testsuite> <!-- rocksolicitors.SeleniumTest -->
