<?xml version="1.0" encoding="UTF-8"?>
<!-- Generated by org.testng.reporters.JUnitReportReporter -->
<testsuite hostname="DESKTOP-TBSD3T7" failures="0" tests="2" name="rocksolicitors.RESTAPITest" time="0.001" errors="0" timestamp="2020-09-13T18:06:24 BST" skipped="0">
  <testcase classname="rocksolicitors.RESTAPITest" name="deleteTwitter" time="0.001"/>
  <system-out/>
  <testcase classname="rocksolicitors.RESTAPITest" name="postJira" time="0.000"/>
  <system-out/>
</testsuite> <!-- rocksolicitors.RESTAPITest -->
